Determining if the include file coroutine exists failed with the following output:
Change Dir: /home/jkz/project/new_sentiment_analyse_system/project_with_mysql/build/CMakeFiles/CMakeTmp

Run Build Command(s):/usr/bin/make cmTC_30030/fast && /usr/bin/make -f CMakeFiles/cmTC_30030.dir/build.make CMakeFiles/cmTC_30030.dir/build
make[1]: 进入目录“/home/jkz/project/new_sentiment_analyse_system/project_with_mysql/build/CMakeFiles/CMakeTmp”
Building CXX object CMakeFiles/cmTC_30030.dir/CheckIncludeFile.cxx.o
/usr/bin/c++     -o CMakeFiles/cmTC_30030.dir/CheckIncludeFile.cxx.o -c /home/jkz/project/new_sentiment_analyse_system/project_with_mysql/build/CMakeFiles/CMakeTmp/CheckIncludeFile.cxx
/home/jkz/project/new_sentiment_analyse_system/project_with_mysql/build/CMakeFiles/CMakeTmp/CheckIncludeFile.cxx:1:10: fatal error: coroutine: 没有那个文件或目录
    1 | #include <coroutine>
      |          ^~~~~~~~~~~
compilation terminated.
make[1]: *** [CMakeFiles/cmTC_30030.dir/build.make:66：CMakeFiles/cmTC_30030.dir/CheckIncludeFile.cxx.o] 错误 1
make[1]: 离开目录“/home/jkz/project/new_sentiment_analyse_system/project_with_mysql/build/CMakeFiles/CMakeTmp”
make: *** [Makefile:121：cmTC_30030/fast] 错误 2



Performing C++ SOURCE FILE Test CMAKE_HAVE_LIBC_PTHREAD failed with the following output:
Change Dir: /home/jkz/project/new_sentiment_analyse_system/project_with_mysql/build/CMakeFiles/CMakeTmp

Run Build Command(s):/usr/bin/make cmTC_4f9ae/fast && /usr/bin/make -f CMakeFiles/cmTC_4f9ae.dir/build.make CMakeFiles/cmTC_4f9ae.dir/build
make[1]: 进入目录“/home/jkz/project/new_sentiment_analyse_system/project_with_mysql/build/CMakeFiles/CMakeTmp”
Building CXX object CMakeFiles/cmTC_4f9ae.dir/src.cxx.o
/usr/bin/c++    -DCMAKE_HAVE_LIBC_PTHREAD   -o CMakeFiles/cmTC_4f9ae.dir/src.cxx.o -c /home/jkz/project/new_sentiment_analyse_system/project_with_mysql/build/CMakeFiles/CMakeTmp/src.cxx
Linking CXX executable cmTC_4f9ae
/usr/bin/cmake -E cmake_link_script CMakeFiles/cmTC_4f9ae.dir/link.txt --verbose=1
/usr/bin/c++   -DCMAKE_HAVE_LIBC_PTHREAD    CMakeFiles/cmTC_4f9ae.dir/src.cxx.o  -o cmTC_4f9ae 
/usr/bin/ld: CMakeFiles/cmTC_4f9ae.dir/src.cxx.o: in function `main':
src.cxx:(.text+0x46): undefined reference to `pthread_create'
/usr/bin/ld: src.cxx:(.text+0x52): undefined reference to `pthread_detach'
/usr/bin/ld: src.cxx:(.text+0x63): undefined reference to `pthread_join'
collect2: error: ld returned 1 exit status
make[1]: *** [CMakeFiles/cmTC_4f9ae.dir/build.make:87：cmTC_4f9ae] 错误 1
make[1]: 离开目录“/home/jkz/project/new_sentiment_analyse_system/project_with_mysql/build/CMakeFiles/CMakeTmp”
make: *** [Makefile:121：cmTC_4f9ae/fast] 错误 2


Source file was:
#include <pthread.h>

void* test_func(void* data)
{
  return data;
}

int main(void)
{
  pthread_t thread;
  pthread_create(&thread, NULL, test_func, NULL);
  pthread_detach(thread);
  pthread_join(thread, NULL);
  pthread_atfork(NULL, NULL, NULL);
  pthread_exit(NULL);

  return 0;
}

Determining if the function pthread_create exists in the pthreads failed with the following output:
Change Dir: /home/jkz/project/new_sentiment_analyse_system/project_with_mysql/build/CMakeFiles/CMakeTmp

Run Build Command(s):/usr/bin/make cmTC_f7897/fast && /usr/bin/make -f CMakeFiles/cmTC_f7897.dir/build.make CMakeFiles/cmTC_f7897.dir/build
make[1]: 进入目录“/home/jkz/project/new_sentiment_analyse_system/project_with_mysql/build/CMakeFiles/CMakeTmp”
Building CXX object CMakeFiles/cmTC_f7897.dir/CheckFunctionExists.cxx.o
/usr/bin/c++    -DCHECK_FUNCTION_EXISTS=pthread_create   -o CMakeFiles/cmTC_f7897.dir/CheckFunctionExists.cxx.o -c /home/jkz/project/new_sentiment_analyse_system/project_with_mysql/build/CMakeFiles/CheckLibraryExists/CheckFunctionExists.cxx
Linking CXX executable cmTC_f7897
/usr/bin/cmake -E cmake_link_script CMakeFiles/cmTC_f7897.dir/link.txt --verbose=1
/usr/bin/c++   -DCHECK_FUNCTION_EXISTS=pthread_create    CMakeFiles/cmTC_f7897.dir/CheckFunctionExists.cxx.o  -o cmTC_f7897  -lpthreads 
/usr/bin/ld: 找不到 -lpthreads
collect2: error: ld returned 1 exit status
make[1]: *** [CMakeFiles/cmTC_f7897.dir/build.make:87：cmTC_f7897] 错误 1
make[1]: 离开目录“/home/jkz/project/new_sentiment_analyse_system/project_with_mysql/build/CMakeFiles/CMakeTmp”
make: *** [Makefile:121：cmTC_f7897/fast] 错误 2



